# JRE version: Java(TM) SE Runtime Environment (17.0.8+9) (build 17.0.8+9-LTS-211)
# Java VM: Java HotSpot(TM) 64-Bit Server VM (17.0.8+9-LTS-211, mixed mode, sharing, tiered, compressed oops, compressed class ptrs, g1 gc, windows-amd64)
GC Precious Log:
 CPUs: 4 total, 4 available
 Memory: 16249M
 Large Page Support: Disabled
 NUMA Support: Disabled
 Compressed Oops: Enabled (Zero based)
 Heap Region Size: 2M
 Heap Min Capacity: 8M
 Heap Initial Capacity: 254M
 Heap Max Capacity: 4064M
 Pre-touch: Disabled
 Parallel Workers: 4
 Concurrent Workers: 1
 Concurrent Refinement Workers: 4
 Periodic GC: Disabled
Heap:
 garbage-first heap   total 268288K, used 95517K [0x0000000702000000, 0x0000000800000000)
  region size 2048K, 1 young (2048K), 1 survivors (2048K)
 Metaspace       used 33011K, committed 33472K, reserved 1114112K
  class space    used 3640K, committed 3840K, reserved 1048576K
GC Heap History (20 events):
Event: 48.767 GC heap after
{Heap after GC invocations=16 (full 0):
 garbage-first heap   total 126976K, used 69749K [0x0000000702000000, 0x0000000800000000)
  region size 2048K, 1 young (2048K), 1 survivors (2048K)
 Metaspace       used 29445K, committed 29760K, reserved 1114112K
  class space    used 3302K, committed 3456K, reserved 1048576K
}
Event: 49.224 GC heap before
{Heap before GC invocations=17 (full 0):
 garbage-first heap   total 126976K, used 100469K [0x0000000702000000, 0x0000000800000000)
  region size 2048K, 16 young (32768K), 1 survivors (2048K)
 Metaspace       used 29546K, committed 29888K, reserved 1114112K
  class space    used 3304K, committed 3456K, reserved 1048576K
}
Event: 49.236 GC heap after
{Heap after GC invocations=18 (full 0):
 garbage-first heap   total 126976K, used 71082K [0x0000000702000000, 0x0000000800000000)
  region size 2048K, 2 young (4096K), 2 survivors (4096K)
 Metaspace       used 29546K, committed 29888K, reserved 1114112K
  class space    used 3304K, committed 3456K, reserved 1048576K
}
Event: 49.556 GC heap before
{Heap before GC invocations=18 (full 0):
 garbage-first heap   total 126976K, used 101802K [0x0000000702000000, 0x0000000800000000)
  region size 2048K, 17 young (34816K), 2 survivors (4096K)
 Metaspace       used 29620K, committed 29952K, reserved 1114112K
  class space    used 3309K, committed 3456K, reserved 1048576K
}
Event: 49.569 GC heap after
{Heap after GC invocations=19 (full 0):
 garbage-first heap   total 172032K, used 72289K [0x0000000702000000, 0x0000000800000000)
  region size 2048K, 2 young (4096K), 2 survivors (4096K)
 Metaspace       used 29620K, committed 29952K, reserved 1114112K
  class space    used 3309K, committed 3456K, reserved 1048576K
}
Event: 50.415 GC heap before
{Heap before GC invocations=20 (full 0):
 garbage-first heap   total 172032K, used 139873K [0x0000000702000000, 0x0000000800000000)
  region size 2048K, 35 young (71680K), 2 survivors (4096K)
 Metaspace       used 29752K, committed 30080K, reserved 1114112K
  class space    used 3309K, committed 3456K, reserved 1048576K
}
Event: 50.423 GC heap after
{Heap after GC invocations=21 (full 0):
 garbage-first heap   total 172032K, used 71978K [0x0000000702000000, 0x0000000800000000)
  region size 2048K, 2 young (4096K), 2 survivors (4096K)
 Metaspace       used 29752K, committed 30080K, reserved 1114112K
  class space    used 3309K, committed 3456K, reserved 1048576K
}
Event: 50.453 GC heap before
{Heap before GC invocations=21 (full 0):
 garbage-first heap   total 172032K, used 76074K [0x0000000702000000, 0x0000000800000000)
  region size 2048K, 4 young (8192K), 2 survivors (4096K)
 Metaspace       used 29753K, committed 30080K, reserved 1114112K
  class space    used 3309K, committed 3456K, reserved 1048576K
}
Event: 50.460 GC heap after
{Heap after GC invocations=22 (full 0):
 garbage-first heap   total 172032K, used 71304K [0x0000000702000000, 0x0000000800000000)
  region size 2048K, 1 young (2048K), 1 survivors (2048K)
 Metaspace       used 29753K, committed 30080K, reserved 1114112K
  class space    used 3309K, committed 3456K, reserved 1048576K
}
Event: 53.252 GC heap before
{Heap before GC invocations=22 (full 0):
 garbage-first heap   total 172032K, used 140936K [0x0000000702000000, 0x0000000800000000)
  region size 2048K, 35 young (71680K), 1 survivors (2048K)
 Metaspace       used 32034K, committed 32384K, reserved 1114112K
  class space    used 3521K, committed 3712K, reserved 1048576K
}
Event: 53.260 GC heap after
{Heap after GC invocations=23 (full 0):
 garbage-first heap   total 172032K, used 73141K [0x0000000702000000, 0x0000000800000000)
  region size 2048K, 2 young (4096K), 2 survivors (4096K)
 Metaspace       used 32034K, committed 32384K, reserved 1114112K
  class space    used 3521K, committed 3712K, reserved 1048576K
}
Event: 54.978 GC heap before
{Heap before GC invocations=23 (full 0):
 garbage-first heap   total 172032K, used 140725K [0x0000000702000000, 0x0000000800000000)
  region size 2048K, 35 young (71680K), 2 survivors (4096K)
 Metaspace       used 32422K, committed 32832K, reserved 1114112K
  class space    used 3561K, committed 3712K, reserved 1048576K
}
Event: 54.992 GC heap after
{Heap after GC invocations=24 (full 0):
 garbage-first heap   total 172032K, used 92928K [0x0000000702000000, 0x0000000800000000)
  region size 2048K, 5 young (10240K), 5 survivors (10240K)
 Metaspace       used 32422K, committed 32832K, reserved 1114112K
  class space    used 3561K, committed 3712K, reserved 1048576K
}
Event: 55.503 GC heap before
{Heap before GC invocations=24 (full 0):
 garbage-first heap   total 172032K, used 129792K [0x0000000702000000, 0x0000000800000000)
  region size 2048K, 23 young (47104K), 5 survivors (10240K)
 Metaspace       used 32429K, committed 32832K, reserved 1114112K
  class space    used 3561K, committed 3712K, reserved 1048576K
}
Event: 55.515 GC heap after
{Heap after GC invocations=25 (full 0):
 garbage-first heap   total 172032K, used 108231K [0x0000000702000000, 0x0000000800000000)
  region size 2048K, 3 young (6144K), 3 survivors (6144K)
 Metaspace       used 32429K, committed 32832K, reserved 1114112K
  class space    used 3561K, committed 3712K, reserved 1048576K
}
Event: 56.111 GC heap before
{Heap before GC invocations=26 (full 0):
 garbage-first heap   total 182272K, used 128711K [0x0000000702000000, 0x0000000800000000)
  region size 2048K, 15 young (30720K), 3 survivors (6144K)
 Metaspace       used 32585K, committed 33024K, reserved 1114112K
  class space    used 3577K, committed 3776K, reserved 1048576K
}
Event: 56.121 GC heap after
{Heap after GC invocations=27 (full 0):
 garbage-first heap   total 182272K, used 113376K [0x0000000702000000, 0x0000000800000000)
  region size 2048K, 2 young (4096K), 2 survivors (4096K)
 Metaspace       used 32585K, committed 33024K, reserved 1114112K
  class space    used 3577K, committed 3776K, reserved 1048576K
}
Event: 56.273 GC heap before
{Heap before GC invocations=27 (full 0):
 garbage-first heap   total 182272K, used 115424K [0x0000000702000000, 0x0000000800000000)
  region size 2048K, 4 young (8192K), 2 survivors (4096K)
 Metaspace       used 32862K, committed 33280K, reserved 1114112K
  class space    used 3596K, committed 3776K, reserved 1048576K
}
Event: 56.283 GC heap after
{Heap after GC invocations=28 (full 0):
 garbage-first heap   total 182272K, used 97984K [0x0000000702000000, 0x0000000800000000)
  region size 2048K, 1 young (2048K), 1 survivors (2048K)
 Metaspace       used 32862K, committed 33280K, reserved 1114112K
  class space    used 3596K, committed 3776K, reserved 1048576K
}
Event: 56.379 GC heap before
{Heap before GC invocations=28 (full 0):
 garbage-first heap   total 182272K, used 102080K [0x0000000702000000, 0x0000000800000000)
  region size 2048K, 4 young (8192K), 1 survivors (2048K)
 Metaspace       used 33011K, committed 33472K, reserved 1114112K
  class space    used 3640K, committed 3840K, reserved 1048576K
}

